{"contracts/test/MockLinkToken.sol":{"l":{"12":23,"24":19,"25":19,"26":19,"27":19,"30":18,"31":18,"32":18,"34":18,"35":18,"36":18},"path":"/Users/rushikesh/Decentralized Weather Data Oracle and Historical Data Subgraph/contracts/test/MockLinkToken.sol","s":{"1":0,"2":0,"3":27,"4":0,"5":0,"6":0,"7":0,"8":19,"9":19,"10":18,"11":18,"12":18,"13":18,"14":0},"b":{"1":[19,0],"2":[18,0],"3":[18,0]},"f":{"1":23,"2":0,"3":0,"4":27,"5":0,"6":0,"7":0,"8":0,"9":0,"10":19,"11":18,"12":0},"fnMap":{"1":{"name":"constructor","line":11,"loc":{"start":{"line":11,"column":4},"end":{"line":13,"column":4}}},"2":{"name":"allowance","line":15,"loc":{"start":{"line":15,"column":4},"end":{"line":15,"column":133}}},"3":{"name":"approve","line":16,"loc":{"start":{"line":16,"column":4},"end":{"line":16,"column":142}}},"4":{"name":"balanceOf","line":17,"loc":{"start":{"line":17,"column":4},"end":{"line":17,"column":105}}},"5":{"name":"decimals","line":18,"loc":{"start":{"line":18,"column":4},"end":{"line":18,"column":76}}},"6":{"name":"decreaseApproval","line":19,"loc":{"start":{"line":19,"column":4},"end":{"line":19,"column":115}}},"7":{"name":"increaseApproval","line":20,"loc":{"start":{"line":20,"column":4},"end":{"line":20,"column":92}}},"8":{"name":"name","line":21,"loc":{"start":{"line":21,"column":4},"end":{"line":21,"column":89}}},"9":{"name":"symbol","line":22,"loc":{"start":{"line":22,"column":4},"end":{"line":22,"column":86}}},"10":{"name":"transfer","line":23,"loc":{"start":{"line":23,"column":4},"end":{"line":28,"column":4}}},"11":{"name":"transferAndCall","line":29,"loc":{"start":{"line":29,"column":4},"end":{"line":37,"column":4}}},"12":{"name":"transferFrom","line":38,"loc":{"start":{"line":38,"column":4},"end":{"line":38,"column":115}}}},"statementMap":{"1":{"start":{"line":15,"column":98},"end":{"line":15,"column":131}},"2":{"start":{"line":16,"column":129},"end":{"line":16,"column":140}},"3":{"start":{"line":17,"column":81},"end":{"line":17,"column":103}},"4":{"start":{"line":18,"column":65},"end":{"line":18,"column":74}},"5":{"start":{"line":19,"column":102},"end":{"line":19,"column":113}},"6":{"start":{"line":21,"column":69},"end":{"line":21,"column":87}},"7":{"start":{"line":22,"column":71},"end":{"line":22,"column":84}},"8":{"start":{"line":24,"column":8},"end":{"line":24,"column":69}},"9":{"start":{"line":27,"column":8},"end":{"line":27,"column":19}},"10":{"start":{"line":30,"column":8},"end":{"line":30,"column":69}},"11":{"start":{"line":34,"column":8},"end":{"line":34,"column":126}},"12":{"start":{"line":35,"column":8},"end":{"line":35,"column":49}},"13":{"start":{"line":36,"column":8},"end":{"line":36,"column":19}},"14":{"start":{"line":38,"column":102},"end":{"line":38,"column":113}}},"branchMap":{"1":{"line":24,"type":"if","locations":[{"start":{"line":24,"column":8},"end":{"line":24,"column":8}},{"start":{"line":24,"column":8},"end":{"line":24,"column":8}}]},"2":{"line":30,"type":"if","locations":[{"start":{"line":30,"column":8},"end":{"line":30,"column":8}},{"start":{"line":30,"column":8},"end":{"line":30,"column":8}}]},"3":{"line":35,"type":"if","locations":[{"start":{"line":35,"column":8},"end":{"line":35,"column":8}},{"start":{"line":35,"column":8},"end":{"line":35,"column":8}}]}}},"contracts/test/MockOracle.sol":{"l":{"20":23,"33":0,"34":0,"47":0,"48":0,"58":15,"59":15,"60":2,"64":13},"path":"/Users/rushikesh/Decentralized Weather Data Oracle and Historical Data Subgraph/contracts/test/MockOracle.sol","s":{"1":0,"2":0,"3":0,"4":0,"5":15,"6":15,"7":13},"b":{"1":[2,13]},"f":{"1":23,"2":0,"3":18,"4":0,"5":15},"fnMap":{"1":{"name":"constructor","line":19,"loc":{"start":{"line":19,"column":4},"end":{"line":21,"column":4}}},"2":{"name":"oracleRequest","line":23,"loc":{"start":{"line":23,"column":4},"end":{"line":35,"column":4}}},"3":{"name":"onTokenTransfer","line":37,"loc":{"start":{"line":37,"column":4},"end":{"line":37,"column":74}}},"4":{"name":"fulfillOracleRequest","line":39,"loc":{"start":{"line":39,"column":4},"end":{"line":49,"column":4}}},"5":{"name":"fulfillOracleRequestInt256","line":52,"loc":{"start":{"line":52,"column":4},"end":{"line":65,"column":4}}}},"statementMap":{"1":{"start":{"line":33,"column":8},"end":{"line":33,"column":70}},"2":{"start":{"line":34,"column":8},"end":{"line":34,"column":147}},"3":{"start":{"line":47,"column":8},"end":{"line":47,"column":108}},"4":{"start":{"line":48,"column":8},"end":{"line":48,"column":22}},"5":{"start":{"line":58,"column":8},"end":{"line":58,"column":128}},"6":{"start":{"line":59,"column":8},"end":{"line":59,"column":1778}},"7":{"start":{"line":64,"column":8},"end":{"line":64,"column":19}}},"branchMap":{"1":{"line":59,"type":"if","locations":[{"start":{"line":59,"column":8},"end":{"line":59,"column":8}},{"start":{"line":59,"column":8},"end":{"line":59,"column":8}}]}}},"contracts/WeatherOracle.sol":{"l":{"45":23,"46":23,"47":23,"48":23,"49":23,"50":23,"59":23,"65":1,"66":1,"72":1,"78":1,"83":4,"84":4,"91":20,"92":19,"94":18,"100":18,"101":18,"103":18,"104":18,"105":18,"107":18,"109":18,"110":18,"112":18,"113":18,"120":13,"121":13,"123":13,"125":13,"126":13,"127":1,"129":2,"131":4,"133":4,"135":2,"138":13,"146":13,"148":13,"150":13,"151":13,"158":10},"path":"/Users/rushikesh/Decentralized Weather Data Oracle and Historical Data Subgraph/contracts/WeatherOracle.sol","s":{"1":23,"2":23,"3":1,"4":4,"5":4,"6":20,"7":19,"8":18,"9":18,"10":18,"11":18,"12":18,"13":18,"14":18,"15":18,"16":13,"17":13,"18":13,"19":13,"20":13,"21":12,"22":10,"23":6,"24":13,"25":13,"26":10},"b":{"1":[23,1],"2":[1,1],"3":[1,1],"4":[1,1],"5":[4,2],"6":[4,0],"7":[19,1],"8":[18,1],"9":[13,3],"10":[13,0],"11":[1,12],"12":[2,10],"13":[4,6],"14":[4,2]},"f":{"1":23,"2":23,"3":1,"4":1,"5":1,"6":4,"7":20,"8":13,"9":10},"fnMap":{"1":{"name":"constructor","line":39,"loc":{"start":{"line":39,"column":4},"end":{"line":51,"column":4}}},"2":{"name":"setApiKey","line":58,"loc":{"start":{"line":58,"column":4},"end":{"line":60,"column":4}}},"3":{"name":"setOracle","line":64,"loc":{"start":{"line":64,"column":4},"end":{"line":67,"column":4}}},"4":{"name":"setJobId","line":71,"loc":{"start":{"line":71,"column":4},"end":{"line":73,"column":4}}},"5":{"name":"setChainlinkFee","line":77,"loc":{"start":{"line":77,"column":4},"end":{"line":79,"column":4}}},"6":{"name":"withdrawLink","line":82,"loc":{"start":{"line":82,"column":4},"end":{"line":85,"column":4}}},"7":{"name":"requestWeather","line":90,"loc":{"start":{"line":90,"column":4},"end":{"line":114,"column":4}}},"8":{"name":"fulfill","line":119,"loc":{"start":{"line":119,"column":4},"end":{"line":152,"column":4}}},"9":{"name":"getWeatherReport","line":157,"loc":{"start":{"line":157,"column":4},"end":{"line":159,"column":4}}}},"statementMap":{"1":{"start":{"line":45,"column":8},"end":{"line":45,"column":31}},"2":{"start":{"line":46,"column":8},"end":{"line":46,"column":34}},"3":{"start":{"line":66,"column":8},"end":{"line":66,"column":34}},"4":{"start":{"line":83,"column":8},"end":{"line":83,"column":68}},"5":{"start":{"line":84,"column":8},"end":{"line":84,"column":99}},"6":{"start":{"line":91,"column":8},"end":{"line":91,"column":149}},"7":{"start":{"line":92,"column":8},"end":{"line":92,"column":68}},"8":{"start":{"line":94,"column":8},"end":{"line":94,"column":3483}},"9":{"start":{"line":100,"column":8},"end":{"line":100,"column":117}},"10":{"start":{"line":101,"column":8},"end":{"line":101,"column":95}},"11":{"start":{"line":103,"column":8},"end":{"line":103,"column":34}},"12":{"start":{"line":104,"column":8},"end":{"line":104,"column":39}},"13":{"start":{"line":105,"column":8},"end":{"line":105,"column":35}},"14":{"start":{"line":112,"column":8},"end":{"line":112,"column":59}},"15":{"start":{"line":113,"column":8},"end":{"line":113,"column":24}},"16":{"start":{"line":120,"column":8},"end":{"line":120,"column":54}},"17":{"start":{"line":121,"column":8},"end":{"line":121,"column":57}},"18":{"start":{"line":123,"column":8},"end":{"line":123,"column":78}},"19":{"start":{"line":125,"column":8},"end":{"line":125,"column":33}},"20":{"start":{"line":126,"column":8},"end":{"line":126,"column":4795}},"21":{"start":{"line":128,"column":15},"end":{"line":128,"column":4872}},"22":{"start":{"line":130,"column":15},"end":{"line":130,"column":4948}},"23":{"start":{"line":132,"column":15},"end":{"line":132,"column":5024}},"24":{"start":{"line":138,"column":8},"end":{"line":138,"column":5156}},"25":{"start":{"line":148,"column":8},"end":{"line":148,"column":90}},"26":{"start":{"line":158,"column":8},"end":{"line":158,"column":41}}},"branchMap":{"1":{"line":58,"type":"if","locations":[{"start":{"line":58,"column":53},"end":{"line":58,"column":53}},{"start":{"line":58,"column":53},"end":{"line":58,"column":53}}]},"2":{"line":64,"type":"if","locations":[{"start":{"line":64,"column":47},"end":{"line":64,"column":47}},{"start":{"line":64,"column":47},"end":{"line":64,"column":47}}]},"3":{"line":71,"type":"if","locations":[{"start":{"line":71,"column":45},"end":{"line":71,"column":45}},{"start":{"line":71,"column":45},"end":{"line":71,"column":45}}]},"4":{"line":77,"type":"if","locations":[{"start":{"line":77,"column":50},"end":{"line":77,"column":50}},{"start":{"line":77,"column":50},"end":{"line":77,"column":50}}]},"5":{"line":82,"type":"if","locations":[{"start":{"line":82,"column":35},"end":{"line":82,"column":35}},{"start":{"line":82,"column":35},"end":{"line":82,"column":35}}]},"6":{"line":84,"type":"if","locations":[{"start":{"line":84,"column":8},"end":{"line":84,"column":8}},{"start":{"line":84,"column":8},"end":{"line":84,"column":8}}]},"7":{"line":91,"type":"if","locations":[{"start":{"line":91,"column":8},"end":{"line":91,"column":8}},{"start":{"line":91,"column":8},"end":{"line":91,"column":8}}]},"8":{"line":92,"type":"if","locations":[{"start":{"line":92,"column":8},"end":{"line":92,"column":8}},{"start":{"line":92,"column":8},"end":{"line":92,"column":8}}]},"9":{"line":119,"type":"if","locations":[{"start":{"line":119,"column":69},"end":{"line":119,"column":69}},{"start":{"line":119,"column":69},"end":{"line":119,"column":69}}]},"10":{"line":123,"type":"if","locations":[{"start":{"line":123,"column":8},"end":{"line":123,"column":8}},{"start":{"line":123,"column":8},"end":{"line":123,"column":8}}]},"11":{"line":126,"type":"if","locations":[{"start":{"line":126,"column":8},"end":{"line":126,"column":8}},{"start":{"line":126,"column":8},"end":{"line":126,"column":8}}]},"12":{"line":128,"type":"if","locations":[{"start":{"line":128,"column":15},"end":{"line":128,"column":15}},{"start":{"line":128,"column":15},"end":{"line":128,"column":15}}]},"13":{"line":130,"type":"if","locations":[{"start":{"line":130,"column":15},"end":{"line":130,"column":15}},{"start":{"line":130,"column":15},"end":{"line":130,"column":15}}]},"14":{"line":132,"type":"if","locations":[{"start":{"line":132,"column":15},"end":{"line":132,"column":15}},{"start":{"line":132,"column":15},"end":{"line":132,"column":15}}]}}}}